
---------------------------------------------------------------------------------------------------------------------------------------------------------------------------
                             
     FFT Input Data 

     Count     Value 
           1  -56.08257       127.0000    
     FFT Input Data 

     Count     Value 
           2   2.680307       4.000000    
     FFT Input Data 

     Count     Value 
           3  -85.89246       139.0000    
     FFT Input Data 

     Count     Value 
           4  -18.56516       28.00000    
     FFT Input Data 

     Count     Value 
           5  -1602.815       1770.000    
     FFT Input Data 

     Count     Value 
           6  -303.2222       391.0000    
     FFT Input Data 

     Count     Value 
           7  -1034.300       1284.000    
     FFT Input Data 

     Count     Value 
           8  -38.38288       44.00000    
     FFT Input Data 

     Count     Value 
           9  -94.49181       134.0000    
     FFT Input Data 

     Count     Value 
          10  -827.5635       946.0000    
     FFT Input Data 

     Count     Value 
          11   29.72411       571.0000    
     FFT Input Data 

     Count     Value 
          12 -0.6513624       8.000000    
     FFT Input Data 

     Count     Value 
          13  -5.191242       31.00000    
     FFT Input Data 

     Count     Value 
          14  -1253.438       1792.000    
     FFT Input Data 

     Count     Value 
          15  -614.8765       782.0000    
     FFT Input Data 

     Count     Value 
          16  -6.393713       59.00000    
     FFT Input Data 

     Count     Value 
          17  -41.07564       63.00000    
     FFT Input Data 

     Count     Value 
          18  -69.26231       125.0000    
     FFT Input Data 

     Count     Value 
          19  -525.5924       1021.000    
     FFT Input Data 

     Count     Value 
          20   3.111933       25.00000    
     FFT Input Data 

     Count     Value 
          21  -954.0498       1106.000    
     FFT Input Data 

     Count     Value 
          22  -2310.826       2724.000    
     FFT Input Data 

     Count     Value 
          23  -1265.329       2195.000    
     FFT Input Data 

     Count     Value 
          24  -200.5052       223.0000    
     FFT Input Data 

     Count     Value 
          25  -72.30524       115.0000    
     FFT Input Data 

     Count     Value 
          26  -95.84802       159.0000    
     FFT Input Data 

     Count     Value 
          27   2.106853       9.000000    
     FFT Input Data 

     Count     Value 
          28  -32.64087       34.00000    
     FFT Input Data 

     Count     Value 
          29  -66.16001       111.0000    
     FFT Input Data 

     Count     Value 
          30  -3.838291       59.00000    
     FFT Input Data 

     Count     Value 
          31  -6863.184       7702.000    
     FFT Input Data 

     Count     Value 
          32  -32.59453       53.00000    
     FFT Input Data 

     Count     Value 
          33  -8246.499       15252.00    
     FFT Input Data 

     Count     Value 
          34  -135.7085       176.0000    
     FFT Input Data 

     Count     Value 
          35  -12.35431       18.00000    
     FFT Input Data 

     Count     Value 
          36  -393.7806       480.0000    
     FFT Input Data 

     Count     Value 
          37  -77.23628       96.00000    
     FFT Input Data 

     Count     Value 
          38  -19.64784       43.00000    
     FFT Input Data 

     Count     Value 
          39  -1700.530       2047.000    
     FFT Input Data 

     Count     Value 
          40   28.96746       114.0000    
     FFT Input Data 

     Count     Value 
          41  -94.50011       120.0000    
     FFT Input Data 

     Count     Value 
          42  -7.518235       21.00000    
     FFT Input Data 

     Count     Value 
          43  -73.91306       97.00000    
     FFT Input Data 

     Count     Value 
          44  -367.5237       525.0000    
     FFT Input Data 

     Count     Value 
          45   7.538679       31.00000    
     FFT Input Data 

     Count     Value 
          46  -13.88499       23.00000    
     FFT Input Data 

     Count     Value 
          47  -258.0936       307.0000    
     FFT Input Data 

     Count     Value 
          48  -200.0214       316.0000    
     FFT Input Data 

     Count     Value 
          49  -17.93481       20.00000    
     FFT Input Data 

     Count     Value 
          50  -46.53061       122.0000    
     FFT Input Data 

     Count     Value 
          51  -5.874987       6.000000    
     FFT Input Data 

     Count     Value 
          52  0.9932566       5.000000    
     FFT Input Data 

     Count     Value 
          53  2.4677157E-02   2.000000    
     FFT Input Data 

     Count     Value 
          54  -39.20385       40.00000    
     FFT Input Data 

     Count     Value 
          55  0.0000000E+00  0.0000000E+00
