
---------------------------------------------------------------------------------------------------------------------------------------------------------------------------
                             
     FFT Input Data 

     Count     Value 
           1  -68.06161       177.0000    
     FFT Input Data 

     Count     Value 
           2   2.663411       4.000000    
     FFT Input Data 

     Count     Value 
           3  -122.1542       212.0000    
     FFT Input Data 

     Count     Value 
           4  -22.58322       35.00000    
     FFT Input Data 

     Count     Value 
           5  -1790.584       2085.000    
     FFT Input Data 

     Count     Value 
           6  -301.6255       466.0000    
     FFT Input Data 

     Count     Value 
           7  -1007.750       1542.000    
     FFT Input Data 

     Count     Value 
           8  -33.39635       65.00000    
     FFT Input Data 

     Count     Value 
           9  -110.7131       170.0000    
     FFT Input Data 

     Count     Value 
          10  -817.8238       1046.000    
     FFT Input Data 

     Count     Value 
          11  -548.6575       642.0000    
     FFT Input Data 

     Count     Value 
          12 -0.6588356       8.000000    
     FFT Input Data 

     Count     Value 
          13  -7.049990       34.00000    
     FFT Input Data 

     Count     Value 
          14  -1110.219       1958.000    
     FFT Input Data 

     Count     Value 
          15  -579.7268       875.0000    
     FFT Input Data 

     Count     Value 
          16  -92.38357       93.00000    
     FFT Input Data 

     Count     Value 
          17  -35.09124       71.00000    
     FFT Input Data 

     Count     Value 
          18  -67.03711       141.0000    
     FFT Input Data 

     Count     Value 
          19  -488.8156       884.0000    
     FFT Input Data 

     Count     Value 
          20  -13.32758       29.00000    
     FFT Input Data 

     Count     Value 
          21  -970.8955       1262.000    
     FFT Input Data 

     Count     Value 
          22  -2233.903       3010.000    
     FFT Input Data 

     Count     Value 
          23  -183.8198       2123.000    
     FFT Input Data 

     Count     Value 
          24  -276.1366       329.0000    
     FFT Input Data 

     Count     Value 
          25  -125.5523       163.0000    
     FFT Input Data 

     Count     Value 
          26  -140.4403       189.0000    
     FFT Input Data 

     Count     Value 
          27   2.117025       9.000000    
     FFT Input Data 

     Count     Value 
          28  -42.19573       43.00000    
     FFT Input Data 

     Count     Value 
          29  -80.05592       130.0000    
     FFT Input Data 

     Count     Value 
          30  -44.70352       76.00000    
     FFT Input Data 

     Count     Value 
          31  -5704.479       7219.000    
     FFT Input Data 

     Count     Value 
          32  -50.76014       81.00000    
     FFT Input Data 

     Count     Value 
          33  -5042.093       14542.00    
     FFT Input Data 

     Count     Value 
          34  -135.7991       219.0000    
     FFT Input Data 

     Count     Value 
          35 -0.5405254       21.00000    
     FFT Input Data 

     Count     Value 
          36  -597.9606       617.0000    
     FFT Input Data 

     Count     Value 
          37  -87.94962       113.0000    
     FFT Input Data 

     Count     Value 
          38  -26.40256       52.00000    
     FFT Input Data 

     Count     Value 
          39  -1767.021       2401.000    
     FFT Input Data 

     Count     Value 
          40  -65.63445       139.0000    
     FFT Input Data 

     Count     Value 
          41  -105.5674       154.0000    
     FFT Input Data 

     Count     Value 
          42  -9.920654       25.00000    
     FFT Input Data 

     Count     Value 
          43  -73.19061       108.0000    
     FFT Input Data 

     Count     Value 
          44  -288.2459       527.0000    
     FFT Input Data 

     Count     Value 
          45  -14.27914       43.00000    
     FFT Input Data 

     Count     Value 
          46  -13.10797       24.00000    
     FFT Input Data 

     Count     Value 
          47  -338.4101       424.0000    
     FFT Input Data 

     Count     Value 
          48  -134.7722       334.0000    
     FFT Input Data 

     Count     Value 
          49  -16.94043       24.00000    
     FFT Input Data 

     Count     Value 
          50  -65.05331       128.0000    
     FFT Input Data 

     Count     Value 
          51   1.084518       9.000000    
     FFT Input Data 

     Count     Value 
          52  0.9968259       5.000000    
     FFT Input Data 

     Count     Value 
          53  1.3572216E-02   2.000000    
     FFT Input Data 

     Count     Value 
          54  -37.37116       46.00000    
     FFT Input Data 

     Count     Value 
          55  0.0000000E+00  0.0000000E+00
